1666721758695	geckodriver	INFO	Listening on 127.0.0.1:62268
1666721758961	mozrunner::runner	INFO	Running command: "/Applications/Firefox.app/Contents/MacOS/firefox-bin" "--marionette" "--remote-debugging-port" "62269" "--remote-allow-hosts" "localhost" "-foreground" "-no-remote" "-profile" "/var/folders/_h/lw6vm6js40v053j5mjqh7fcw0000gn/T/rust_mozprofileQ38RGE"
1666721759562	Marionette	INFO	Marionette enabled
1666721759600	Marionette	INFO	Listening on port 62276
2022-10-25 20:15:59.626 plugin-container[93709:1140297] nil host used in call to allowsSpecificHTTPSCertificateForHost
2022-10-25 20:15:59.626 plugin-container[93709:1140297] nil host used in call to allowsAnyHTTPSCertificateForHost:
Read port: 62276
WebDriver BiDi listening on ws://127.0.0.1:62269
2022-10-25 20:15:59.735 plugin-container[93709:1140297] nil host used in call to allowsSpecificHTTPSCertificateForHost
2022-10-25 20:15:59.735 plugin-container[93709:1140297] nil host used in call to allowsAnyHTTPSCertificateForHost:
2022-10-25 20:15:59.735 plugin-container[93709:1140299] nil host used in call to allowsSpecificHTTPSCertificateForHost
2022-10-25 20:15:59.735 plugin-container[93709:1140299] nil host used in call to allowsAnyHTTPSCertificateForHost:
1666721759772	RemoteAgent	WARN	TLS certificate errors will be ignored for this session
console.warn: SearchSettings: "get: No settings file exists, new profile?" (new NotFoundError("Could not open the file at /var/folders/_h/lw6vm6js40v053j5mjqh7fcw0000gn/T/rust_mozprofileQ38RGE/search.json.mozlz4", (void 0)))
DevTools listening on ws://127.0.0.1:62269/devtools/browser/6d4d2d09-b9e9-4c8a-be11-89664bd7e9fa
1666721838722	geckodriver	INFO	Listening on 127.0.0.1:62783
1666721838953	mozrunner::runner	INFO	Running command: "/Applications/Firefox.app/Contents/MacOS/firefox-bin" "--marionette" "--remote-debugging-port" "62784" "--remote-allow-hosts" "localhost" "-foreground" "-no-remote" "-profile" "/var/folders/_h/lw6vm6js40v053j5mjqh7fcw0000gn/T/rust_mozprofilekaDg63"
2022-10-25 20:17:19.382 plugin-container[93738:1141440] nil host used in call to allowsSpecificHTTPSCertificateForHost
2022-10-25 20:17:19.382 plugin-container[93738:1141440] nil host used in call to allowsAnyHTTPSCertificateForHost:
2022-10-25 20:17:19.385 plugin-container[93738:1141440] nil host used in call to allowsSpecificHTTPSCertificateForHost
2022-10-25 20:17:19.385 plugin-container[93738:1141440] nil host used in call to allowsAnyHTTPSCertificateForHost:
2022-10-25 20:17:19.385 plugin-container[93738:1141445] nil host used in call to allowsSpecificHTTPSCertificateForHost
2022-10-25 20:17:19.385 plugin-container[93738:1141445] nil host used in call to allowsAnyHTTPSCertificateForHost:
1666721839405	Marionette	INFO	Marionette enabled
1666721839436	Marionette	INFO	Listening on port 62789
Read port: 62789
WebDriver BiDi listening on ws://127.0.0.1:62784
1666721839570	RemoteAgent	WARN	TLS certificate errors will be ignored for this session
console.warn: SearchSettings: "get: No settings file exists, new profile?" (new NotFoundError("Could not open the file at /var/folders/_h/lw6vm6js40v053j5mjqh7fcw0000gn/T/rust_mozprofilekaDg63/search.json.mozlz4", (void 0)))
DevTools listening on ws://127.0.0.1:62784/devtools/browser/6229d704-3bf1-4c99-85c7-485e5467f08d
1666721855494	geckodriver	INFO	Listening on 127.0.0.1:63073
1666721855701	mozrunner::runner	INFO	Running command: "/Applications/Firefox.app/Contents/MacOS/firefox-bin" "--marionette" "--remote-debugging-port" "63074" "--remote-allow-hosts" "localhost" "-foreground" "-no-remote" "-profile" "/var/folders/_h/lw6vm6js40v053j5mjqh7fcw0000gn/T/rust_mozprofileETiPl1"
2022-10-25 20:17:36.129 plugin-container[93761:1142031] nil host used in call to allowsSpecificHTTPSCertificateForHost
2022-10-25 20:17:36.129 plugin-container[93761:1142031] nil host used in call to allowsAnyHTTPSCertificateForHost:
2022-10-25 20:17:36.132 plugin-container[93761:1142031] nil host used in call to allowsSpecificHTTPSCertificateForHost
2022-10-25 20:17:36.132 plugin-container[93761:1142031] nil host used in call to allowsAnyHTTPSCertificateForHost:
2022-10-25 20:17:36.132 plugin-container[93761:1142037] nil host used in call to allowsSpecificHTTPSCertificateForHost
2022-10-25 20:17:36.132 plugin-container[93761:1142037] nil host used in call to allowsAnyHTTPSCertificateForHost:
1666721856151	Marionette	INFO	Marionette enabled
1666721856183	Marionette	INFO	Listening on port 63101
Read port: 63101
WebDriver BiDi listening on ws://127.0.0.1:63074
1666721856319	RemoteAgent	WARN	TLS certificate errors will be ignored for this session
console.warn: SearchSettings: "get: No settings file exists, new profile?" (new NotFoundError("Could not open the file at /var/folders/_h/lw6vm6js40v053j5mjqh7fcw0000gn/T/rust_mozprofileETiPl1/search.json.mozlz4", (void 0)))
DevTools listening on ws://127.0.0.1:63074/devtools/browser/141b569b-8c83-46a7-a7d0-860509b178f6
1666722064083	geckodriver	INFO	Listening on 127.0.0.1:63748
1666722064314	mozrunner::runner	INFO	Running command: "/Applications/Firefox.app/Contents/MacOS/firefox-bin" "--marionette" "--remote-debugging-port" "63749" "--remote-allow-hosts" "localhost" "-foreground" "-no-remote" "-profile" "/var/folders/_h/lw6vm6js40v053j5mjqh7fcw0000gn/T/rust_mozprofilenAmNOC"
2022-10-25 20:21:04.749 plugin-container[93794:1145000] nil host used in call to allowsSpecificHTTPSCertificateForHost
2022-10-25 20:21:04.749 plugin-container[93794:1145000] nil host used in call to allowsAnyHTTPSCertificateForHost:
2022-10-25 20:21:04.752 plugin-container[93794:1145000] nil host used in call to allowsSpecificHTTPSCertificateForHost
2022-10-25 20:21:04.752 plugin-container[93794:1145000] nil host used in call to allowsAnyHTTPSCertificateForHost:
2022-10-25 20:21:04.753 plugin-container[93794:1145006] nil host used in call to allowsSpecificHTTPSCertificateForHost
2022-10-25 20:21:04.753 plugin-container[93794:1145006] nil host used in call to allowsAnyHTTPSCertificateForHost:
1666722064771	Marionette	INFO	Marionette enabled
1666722064803	Marionette	INFO	Listening on port 63754
Read port: 63754
WebDriver BiDi listening on ws://127.0.0.1:63749
1666722064942	RemoteAgent	WARN	TLS certificate errors will be ignored for this session
console.warn: SearchSettings: "get: No settings file exists, new profile?" (new NotFoundError("Could not open the file at /var/folders/_h/lw6vm6js40v053j5mjqh7fcw0000gn/T/rust_mozprofilenAmNOC/search.json.mozlz4", (void 0)))
DevTools listening on ws://127.0.0.1:63749/devtools/browser/6b343312-6d43-46e8-baed-e51a26c584fb
1666722070481	Marionette	INFO	Stopped listening on port 62789
1666722072979	Marionette	INFO	Stopped listening on port 63101
1666722074826	Marionette	INFO	Stopped listening on port 63754
1666722252800	geckodriver	INFO	Listening on 127.0.0.1:64006
1666722252974	mozrunner::runner	INFO	Running command: "/Applications/Firefox.app/Contents/MacOS/firefox-bin" "--marionette" "--remote-debugging-port" "64007" "--remote-allow-hosts" "localhost" "-foreground" "-no-remote" "-profile" "/var/folders/_h/lw6vm6js40v053j5mjqh7fcw0000gn/T/rust_mozprofilefzlYlO"
2022-10-25 20:24:13.417 plugin-container[93819:1147360] nil host used in call to allowsSpecificHTTPSCertificateForHost
2022-10-25 20:24:13.417 plugin-container[93819:1147360] nil host used in call to allowsAnyHTTPSCertificateForHost:
2022-10-25 20:24:13.420 plugin-container[93819:1147360] nil host used in call to allowsSpecificHTTPSCertificateForHost
2022-10-25 20:24:13.420 plugin-container[93819:1147360] nil host used in call to allowsAnyHTTPSCertificateForHost:
2022-10-25 20:24:13.421 plugin-container[93819:1147367] nil host used in call to allowsSpecificHTTPSCertificateForHost
2022-10-25 20:24:13.421 plugin-container[93819:1147367] nil host used in call to allowsAnyHTTPSCertificateForHost:
1666722253437	Marionette	INFO	Marionette enabled
1666722253472	Marionette	INFO	Listening on port 64015
Read port: 64015
WebDriver BiDi listening on ws://127.0.0.1:64007
1666722253643	RemoteAgent	WARN	TLS certificate errors will be ignored for this session
console.warn: SearchSettings: "get: No settings file exists, new profile?" (new NotFoundError("Could not open the file at /var/folders/_h/lw6vm6js40v053j5mjqh7fcw0000gn/T/rust_mozprofilefzlYlO/search.json.mozlz4", (void 0)))
DevTools listening on ws://127.0.0.1:64007/devtools/browser/e9f4b98e-8b95-4426-adf7-6758f2b24b4e
1666722277115	geckodriver	INFO	Listening on 127.0.0.1:64459
1666722277336	mozrunner::runner	INFO	Running command: "/Applications/Firefox.app/Contents/MacOS/firefox-bin" "--marionette" "--remote-debugging-port" "64460" "--remote-allow-hosts" "localhost" "-foreground" "-no-remote" "-profile" "/var/folders/_h/lw6vm6js40v053j5mjqh7fcw0000gn/T/rust_mozprofileuoRpG1"
2022-10-25 20:24:37.765 plugin-container[93840:1147983] nil host used in call to allowsSpecificHTTPSCertificateForHost
2022-10-25 20:24:37.765 plugin-container[93840:1147983] nil host used in call to allowsAnyHTTPSCertificateForHost:
2022-10-25 20:24:37.768 plugin-container[93840:1147983] nil host used in call to allowsSpecificHTTPSCertificateForHost
2022-10-25 20:24:37.768 plugin-container[93840:1147983] nil host used in call to allowsAnyHTTPSCertificateForHost:
2022-10-25 20:24:37.768 plugin-container[93840:1147981] nil host used in call to allowsSpecificHTTPSCertificateForHost
2022-10-25 20:24:37.768 plugin-container[93840:1147981] nil host used in call to allowsAnyHTTPSCertificateForHost:
1666722277785	Marionette	INFO	Marionette enabled
1666722277816	Marionette	INFO	Listening on port 64482
Read port: 64482
WebDriver BiDi listening on ws://127.0.0.1:64460
1666722277959	RemoteAgent	WARN	TLS certificate errors will be ignored for this session
console.warn: SearchSettings: "get: No settings file exists, new profile?" (new NotFoundError("Could not open the file at /var/folders/_h/lw6vm6js40v053j5mjqh7fcw0000gn/T/rust_mozprofileuoRpG1/search.json.mozlz4", (void 0)))
DevTools listening on ws://127.0.0.1:64460/devtools/browser/df7e0c25-6133-4556-8666-6b825424bd3b
1666722310974	geckodriver	INFO	Listening on 127.0.0.1:65052
1666722311174	mozrunner::runner	INFO	Running command: "/Applications/Firefox.app/Contents/MacOS/firefox-bin" "--marionette" "--remote-debugging-port" "65053" "--remote-allow-hosts" "localhost" "-foreground" "-no-remote" "-profile" "/var/folders/_h/lw6vm6js40v053j5mjqh7fcw0000gn/T/rust_mozprofiler6hQ0W"
2022-10-25 20:25:11.596 plugin-container[93859:1148690] nil host used in call to allowsSpecificHTTPSCertificateForHost
2022-10-25 20:25:11.596 plugin-container[93859:1148690] nil host used in call to allowsAnyHTTPSCertificateForHost:
2022-10-25 20:25:11.599 plugin-container[93859:1148690] nil host used in call to allowsSpecificHTTPSCertificateForHost
2022-10-25 20:25:11.599 plugin-container[93859:1148690] nil host used in call to allowsAnyHTTPSCertificateForHost:
2022-10-25 20:25:11.599 plugin-container[93859:1148699] nil host used in call to allowsSpecificHTTPSCertificateForHost
2022-10-25 20:25:11.599 plugin-container[93859:1148699] nil host used in call to allowsAnyHTTPSCertificateForHost:
1666722311615	Marionette	INFO	Marionette enabled
1666722311644	Marionette	INFO	Listening on port 65058
Read port: 65058
WebDriver BiDi listening on ws://127.0.0.1:65053
1666722311779	RemoteAgent	WARN	TLS certificate errors will be ignored for this session
console.warn: SearchSettings: "get: No settings file exists, new profile?" (new NotFoundError("Could not open the file at /var/folders/_h/lw6vm6js40v053j5mjqh7fcw0000gn/T/rust_mozprofiler6hQ0W/search.json.mozlz4", (void 0)))
DevTools listening on ws://127.0.0.1:65053/devtools/browser/8d3c944a-fb04-49f1-bbcf-0909be432cb6
1666722316173	Marionette	INFO	Stopped listening on port 64015
1666722318448	Marionette	INFO	Stopped listening on port 64482
1666722327345	Marionette	INFO	Stopped listening on port 65058
1666724539901	geckodriver	INFO	Listening on 127.0.0.1:56190
1666724540115	mozrunner::runner	INFO	Running command: "/Applications/Firefox.app/Contents/MacOS/firefox-bin" "--marionette" "--remote-debugging-port" "56191" "--remote-allow-hosts" "localhost" "-foreground" "-no-remote" "-profile" "/var/folders/_h/lw6vm6js40v053j5mjqh7fcw0000gn/T/rust_mozprofileZVDuMo"
2022-10-25 21:02:20.578 plugin-container[93977:1165221] nil host used in call to allowsSpecificHTTPSCertificateForHost
2022-10-25 21:02:20.578 plugin-container[93977:1165221] nil host used in call to allowsAnyHTTPSCertificateForHost:
2022-10-25 21:02:20.582 plugin-container[93977:1165221] nil host used in call to allowsSpecificHTTPSCertificateForHost
2022-10-25 21:02:20.582 plugin-container[93977:1165221] nil host used in call to allowsAnyHTTPSCertificateForHost:
2022-10-25 21:02:20.582 plugin-container[93977:1165223] nil host used in call to allowsSpecificHTTPSCertificateForHost
2022-10-25 21:02:20.582 plugin-container[93977:1165223] nil host used in call to allowsAnyHTTPSCertificateForHost:
1666724540596	Marionette	INFO	Marionette enabled
1666724540631	Marionette	INFO	Listening on port 56200
Read port: 56200
WebDriver BiDi listening on ws://127.0.0.1:56191
1666724540838	RemoteAgent	WARN	TLS certificate errors will be ignored for this session
console.warn: SearchSettings: "get: No settings file exists, new profile?" (new NotFoundError("Could not open the file at /var/folders/_h/lw6vm6js40v053j5mjqh7fcw0000gn/T/rust_mozprofileZVDuMo/search.json.mozlz4", (void 0)))
DevTools listening on ws://127.0.0.1:56191/devtools/browser/7a998f58-3ee9-460f-b7a6-b8ef35757e96
1666724570914	geckodriver	INFO	Listening on 127.0.0.1:56862
1666724571128	mozrunner::runner	INFO	Running command: "/Applications/Firefox.app/Contents/MacOS/firefox-bin" "--marionette" "--remote-debugging-port" "56863" "--remote-allow-hosts" "localhost" "-foreground" "-no-remote" "-profile" "/var/folders/_h/lw6vm6js40v053j5mjqh7fcw0000gn/T/rust_mozprofilekvWCYt"
2022-10-25 21:02:51.617 plugin-container[93997:1165913] nil host used in call to allowsSpecificHTTPSCertificateForHost
2022-10-25 21:02:51.617 plugin-container[93997:1165913] nil host used in call to allowsAnyHTTPSCertificateForHost:
2022-10-25 21:02:51.620 plugin-container[93997:1165913] nil host used in call to allowsSpecificHTTPSCertificateForHost
2022-10-25 21:02:51.620 plugin-container[93997:1165913] nil host used in call to allowsAnyHTTPSCertificateForHost:
2022-10-25 21:02:51.620 plugin-container[93997:1165911] nil host used in call to allowsSpecificHTTPSCertificateForHost
2022-10-25 21:02:51.620 plugin-container[93997:1165911] nil host used in call to allowsAnyHTTPSCertificateForHost:
1666724571659	Marionette	INFO	Marionette enabled
1666724571686	Marionette	INFO	Listening on port 56894
Read port: 56894
WebDriver BiDi listening on ws://127.0.0.1:56863
1666724571837	RemoteAgent	WARN	TLS certificate errors will be ignored for this session
console.warn: SearchSettings: "get: No settings file exists, new profile?" (new NotFoundError("Could not open the file at /var/folders/_h/lw6vm6js40v053j5mjqh7fcw0000gn/T/rust_mozprofilekvWCYt/search.json.mozlz4", (void 0)))
DevTools listening on ws://127.0.0.1:56863/devtools/browser/3efad541-0c75-4643-a53d-ba61593bf391
1666724819787	geckodriver	INFO	Listening on 127.0.0.1:58869
1666724819952	mozrunner::runner	INFO	Running command: "/Applications/Firefox.app/Contents/MacOS/firefox-bin" "--marionette" "--remote-debugging-port" "58870" "--remote-allow-hosts" "localhost" "-foreground" "-no-remote" "-profile" "/var/folders/_h/lw6vm6js40v053j5mjqh7fcw0000gn/T/rust_mozprofileqTelY5"
2022-10-25 21:07:00.378 plugin-container[94080:1170229] nil host used in call to allowsSpecificHTTPSCertificateForHost
2022-10-25 21:07:00.378 plugin-container[94080:1170229] nil host used in call to allowsAnyHTTPSCertificateForHost:
2022-10-25 21:07:00.381 plugin-container[94080:1170229] nil host used in call to allowsSpecificHTTPSCertificateForHost
2022-10-25 21:07:00.381 plugin-container[94080:1170229] nil host used in call to allowsAnyHTTPSCertificateForHost:
2022-10-25 21:07:00.381 plugin-container[94080:1170227] nil host used in call to allowsSpecificHTTPSCertificateForHost
2022-10-25 21:07:00.381 plugin-container[94080:1170227] nil host used in call to allowsAnyHTTPSCertificateForHost:
1666724820398	Marionette	INFO	Marionette enabled
1666724820546	Marionette	INFO	Listening on port 58879
Read port: 58879
WebDriver BiDi listening on ws://127.0.0.1:58870
1666724820687	RemoteAgent	WARN	TLS certificate errors will be ignored for this session
console.warn: SearchSettings: "get: No settings file exists, new profile?" (new NotFoundError("Could not open the file at /var/folders/_h/lw6vm6js40v053j5mjqh7fcw0000gn/T/rust_mozprofileqTelY5/search.json.mozlz4", (void 0)))
DevTools listening on ws://127.0.0.1:58870/devtools/browser/99229476-9de8-4f28-897d-b03b2f64e22f
1666724893352	geckodriver	INFO	Listening on 127.0.0.1:59750
1666724893539	mozrunner::runner	INFO	Running command: "/Applications/Firefox.app/Contents/MacOS/firefox-bin" "--marionette" "--remote-debugging-port" "59751" "--remote-allow-hosts" "localhost" "-foreground" "-no-remote" "-profile" "/var/folders/_h/lw6vm6js40v053j5mjqh7fcw0000gn/T/rust_mozprofilezzc2kz"
2022-10-25 21:08:13.984 plugin-container[94105:1171413] nil host used in call to allowsSpecificHTTPSCertificateForHost
2022-10-25 21:08:13.984 plugin-container[94105:1171413] nil host used in call to allowsAnyHTTPSCertificateForHost:
2022-10-25 21:08:13.986 plugin-container[94105:1171413] nil host used in call to allowsSpecificHTTPSCertificateForHost
2022-10-25 21:08:13.986 plugin-container[94105:1171413] nil host used in call to allowsAnyHTTPSCertificateForHost:
2022-10-25 21:08:13.987 plugin-container[94105:1171411] nil host used in call to allowsSpecificHTTPSCertificateForHost
2022-10-25 21:08:13.987 plugin-container[94105:1171411] nil host used in call to allowsAnyHTTPSCertificateForHost:
1666724894005	Marionette	INFO	Marionette enabled
1666724894033	Marionette	INFO	Listening on port 59760
Read port: 59760
WebDriver BiDi listening on ws://127.0.0.1:59751
1666724894190	RemoteAgent	WARN	TLS certificate errors will be ignored for this session
console.warn: SearchSettings: "get: No settings file exists, new profile?" (new NotFoundError("Could not open the file at /var/folders/_h/lw6vm6js40v053j5mjqh7fcw0000gn/T/rust_mozprofilezzc2kz/search.json.mozlz4", (void 0)))
DevTools listening on ws://127.0.0.1:59751/devtools/browser/2a5aa0ec-77c1-4b25-a3e3-c9b4cf26897c
1666725128910	geckodriver	INFO	Listening on 127.0.0.1:61251
1666725129113	mozrunner::runner	INFO	Running command: "/Applications/Firefox.app/Contents/MacOS/firefox-bin" "--marionette" "--remote-debugging-port" "61252" "--remote-allow-hosts" "localhost" "-foreground" "-no-remote" "-profile" "/var/folders/_h/lw6vm6js40v053j5mjqh7fcw0000gn/T/rust_mozprofilenyUrfX"
2022-10-25 21:12:09.546 plugin-container[94149:1174797] nil host used in call to allowsSpecificHTTPSCertificateForHost
2022-10-25 21:12:09.546 plugin-container[94149:1174797] nil host used in call to allowsAnyHTTPSCertificateForHost:
2022-10-25 21:12:09.549 plugin-container[94149:1174797] nil host used in call to allowsSpecificHTTPSCertificateForHost
2022-10-25 21:12:09.549 plugin-container[94149:1174797] nil host used in call to allowsAnyHTTPSCertificateForHost:
2022-10-25 21:12:09.549 plugin-container[94149:1174803] nil host used in call to allowsSpecificHTTPSCertificateForHost
2022-10-25 21:12:09.549 plugin-container[94149:1174803] nil host used in call to allowsAnyHTTPSCertificateForHost:
1666725129566	Marionette	INFO	Marionette enabled
1666725129601	Marionette	INFO	Listening on port 61261
Read port: 61261
WebDriver BiDi listening on ws://127.0.0.1:61252
1666725129812	RemoteAgent	WARN	TLS certificate errors will be ignored for this session
console.warn: SearchSettings: "get: No settings file exists, new profile?" (new NotFoundError("Could not open the file at /var/folders/_h/lw6vm6js40v053j5mjqh7fcw0000gn/T/rust_mozprofilenyUrfX/search.json.mozlz4", (void 0)))
DevTools listening on ws://127.0.0.1:61252/devtools/browser/f7fe2927-8d2c-4053-a01f-849dfd248102
1666725145186	Marionette	INFO	Stopped listening on port 56200
1666725148891	Marionette	INFO	Stopped listening on port 56894
1666725151457	Marionette	INFO	Stopped listening on port 58879
1666725154310	Marionette	INFO	Stopped listening on port 59760
console.warn: TopSitesFeed: Failed to fetch data from Contile server: NetworkError when attempting to fetch resource.
1666725156627	Marionette	INFO	Stopped listening on port 61261
console.warn: TopSitesFeed: Failed to fetch data from Contile server: NetworkError when attempting to fetch resource.
1666725252489	geckodriver	INFO	Listening on 127.0.0.1:62230
1666725252716	mozrunner::runner	INFO	Running command: "/Applications/Firefox.app/Contents/MacOS/firefox-bin" "--marionette" "--remote-debugging-port" "62231" "--remote-allow-hosts" "localhost" "-foreground" "-no-remote" "-profile" "/var/folders/_h/lw6vm6js40v053j5mjqh7fcw0000gn/T/rust_mozprofileXKsvdZ"
2022-10-25 21:14:13.144 plugin-container[94175:1176352] nil host used in call to allowsSpecificHTTPSCertificateForHost
2022-10-25 21:14:13.144 plugin-container[94175:1176352] nil host used in call to allowsAnyHTTPSCertificateForHost:
2022-10-25 21:14:13.147 plugin-container[94175:1176352] nil host used in call to allowsSpecificHTTPSCertificateForHost
2022-10-25 21:14:13.147 plugin-container[94175:1176352] nil host used in call to allowsAnyHTTPSCertificateForHost:
2022-10-25 21:14:13.148 plugin-container[94175:1176361] nil host used in call to allowsSpecificHTTPSCertificateForHost
2022-10-25 21:14:13.148 plugin-container[94175:1176361] nil host used in call to allowsAnyHTTPSCertificateForHost:
1666725253163	Marionette	INFO	Marionette enabled
1666725253195	Marionette	INFO	Listening on port 62247
Read port: 62247
WebDriver BiDi listening on ws://127.0.0.1:62231
1666725253335	RemoteAgent	WARN	TLS certificate errors will be ignored for this session
console.warn: SearchSettings: "get: No settings file exists, new profile?" (new NotFoundError("Could not open the file at /var/folders/_h/lw6vm6js40v053j5mjqh7fcw0000gn/T/rust_mozprofileXKsvdZ/search.json.mozlz4", (void 0)))
DevTools listening on ws://127.0.0.1:62231/devtools/browser/fe6f5496-25bb-46f8-9a4b-526f7e059d3c
1666725336116	geckodriver	INFO	Listening on 127.0.0.1:63161
1666725336326	mozrunner::runner	INFO	Running command: "/Applications/Firefox.app/Contents/MacOS/firefox-bin" "--marionette" "--remote-debugging-port" "63162" "--remote-allow-hosts" "localhost" "-foreground" "-no-remote" "-profile" "/var/folders/_h/lw6vm6js40v053j5mjqh7fcw0000gn/T/rust_mozprofileT8w9aJ"
2022-10-25 21:15:36.766 plugin-container[94205:1177620] nil host used in call to allowsSpecificHTTPSCertificateForHost
2022-10-25 21:15:36.767 plugin-container[94205:1177620] nil host used in call to allowsAnyHTTPSCertificateForHost:
2022-10-25 21:15:36.771 plugin-container[94205:1177620] nil host used in call to allowsSpecificHTTPSCertificateForHost
2022-10-25 21:15:36.771 plugin-container[94205:1177620] nil host used in call to allowsAnyHTTPSCertificateForHost:
2022-10-25 21:15:36.772 plugin-container[94205:1177626] nil host used in call to allowsSpecificHTTPSCertificateForHost
2022-10-25 21:15:36.772 plugin-container[94205:1177626] nil host used in call to allowsAnyHTTPSCertificateForHost:
1666725336786	Marionette	INFO	Marionette enabled
1666725336818	Marionette	INFO	Listening on port 63171
Read port: 63171
WebDriver BiDi listening on ws://127.0.0.1:63162
1666725336965	RemoteAgent	WARN	TLS certificate errors will be ignored for this session
console.warn: SearchSettings: "get: No settings file exists, new profile?" (new NotFoundError("Could not open the file at /var/folders/_h/lw6vm6js40v053j5mjqh7fcw0000gn/T/rust_mozprofileT8w9aJ/search.json.mozlz4", (void 0)))
DevTools listening on ws://127.0.0.1:63162/devtools/browser/76030c8a-5ca1-47fe-94ce-fb4a538b819c
JavaScript warning: https://images-na.ssl-images-amazon.com/images/I/71jLD+iVN-L.js?AUIClients/FWCIMAssets, line 289: WEBGL_debug_renderer_info is deprecated in Firefox and will be removed. Please use RENDERER.
1666725362355	geckodriver	INFO	Listening on 127.0.0.1:63650
1666725362550	mozrunner::runner	INFO	Running command: "/Applications/Firefox.app/Contents/MacOS/firefox-bin" "--marionette" "--remote-debugging-port" "63651" "--remote-allow-hosts" "localhost" "-foreground" "-no-remote" "-profile" "/var/folders/_h/lw6vm6js40v053j5mjqh7fcw0000gn/T/rust_mozprofileoaWz2R"
2022-10-25 21:16:02.958 plugin-container[94224:1178276] nil host used in call to allowsSpecificHTTPSCertificateForHost
2022-10-25 21:16:02.958 plugin-container[94224:1178276] nil host used in call to allowsAnyHTTPSCertificateForHost:
2022-10-25 21:16:02.961 plugin-container[94224:1178276] nil host used in call to allowsSpecificHTTPSCertificateForHost
2022-10-25 21:16:02.961 plugin-container[94224:1178276] nil host used in call to allowsAnyHTTPSCertificateForHost:
2022-10-25 21:16:02.961 plugin-container[94224:1178274] nil host used in call to allowsSpecificHTTPSCertificateForHost
2022-10-25 21:16:02.961 plugin-container[94224:1178274] nil host used in call to allowsAnyHTTPSCertificateForHost:
1666725362977	Marionette	INFO	Marionette enabled
1666725363007	Marionette	INFO	Listening on port 63679
Read port: 63679
WebDriver BiDi listening on ws://127.0.0.1:63651
1666725363147	RemoteAgent	WARN	TLS certificate errors will be ignored for this session
console.warn: SearchSettings: "get: No settings file exists, new profile?" (new NotFoundError("Could not open the file at /var/folders/_h/lw6vm6js40v053j5mjqh7fcw0000gn/T/rust_mozprofileoaWz2R/search.json.mozlz4", (void 0)))
DevTools listening on ws://127.0.0.1:63651/devtools/browser/8df7ba5e-29a1-4779-8c2e-96439d8bbd2d
JavaScript warning: https://images-na.ssl-images-amazon.com/images/I/71jLD+iVN-L.js?AUIClients/FWCIMAssets, line 289: WEBGL_debug_renderer_info is deprecated in Firefox and will be removed. Please use RENDERER.
JavaScript warning: https://images-na.ssl-images-amazon.com/images/I/71jLD+iVN-L.js?AUIClients/FWCIMAssets, line 289: WEBGL_debug_renderer_info is deprecated in Firefox and will be removed. Please use RENDERER.
1666725381949	geckodriver	INFO	Listening on 127.0.0.1:64135
1666725382155	mozrunner::runner	INFO	Running command: "/Applications/Firefox.app/Contents/MacOS/firefox-bin" "--marionette" "--remote-debugging-port" "64136" "--remote-allow-hosts" "localhost" "-foreground" "-no-remote" "-profile" "/var/folders/_h/lw6vm6js40v053j5mjqh7fcw0000gn/T/rust_mozprofileHiidn7"
2022-10-25 21:16:22.593 plugin-container[94243:1178833] nil host used in call to allowsSpecificHTTPSCertificateForHost
2022-10-25 21:16:22.594 plugin-container[94243:1178833] nil host used in call to allowsAnyHTTPSCertificateForHost:
2022-10-25 21:16:22.597 plugin-container[94243:1178833] nil host used in call to allowsSpecificHTTPSCertificateForHost
2022-10-25 21:16:22.597 plugin-container[94243:1178833] nil host used in call to allowsAnyHTTPSCertificateForHost:
2022-10-25 21:16:22.598 plugin-container[94243:1178835] nil host used in call to allowsSpecificHTTPSCertificateForHost
2022-10-25 21:16:22.598 plugin-container[94243:1178835] nil host used in call to allowsAnyHTTPSCertificateForHost:
1666725382615	Marionette	INFO	Marionette enabled
1666725382645	Marionette	INFO	Listening on port 64169
Read port: 64169
WebDriver BiDi listening on ws://127.0.0.1:64136
1666725382792	RemoteAgent	WARN	TLS certificate errors will be ignored for this session
console.warn: SearchSettings: "get: No settings file exists, new profile?" (new NotFoundError("Could not open the file at /var/folders/_h/lw6vm6js40v053j5mjqh7fcw0000gn/T/rust_mozprofileHiidn7/search.json.mozlz4", (void 0)))
DevTools listening on ws://127.0.0.1:64136/devtools/browser/43bf4955-8c41-4aaf-955c-8ebb587fae68
JavaScript warning: https://images-na.ssl-images-amazon.com/images/I/71jLD+iVN-L.js?AUIClients/FWCIMAssets, line 289: WEBGL_debug_renderer_info is deprecated in Firefox and will be removed. Please use RENDERER.
1666725407765	Marionette	INFO	Stopped listening on port 62247
console.warn: TopSitesFeed: Failed to fetch data from Contile server: NetworkError when attempting to fetch resource.
1666725409589	Marionette	INFO	Stopped listening on port 63171
console.warn: TopSitesFeed: Failed to fetch data from Contile server: NetworkError when attempting to fetch resource.
1666725411455	Marionette	INFO	Stopped listening on port 63679
1666725413601	Marionette	INFO	Stopped listening on port 64169
console.warn: TopSitesFeed: Failed to fetch data from Contile server: NetworkError when attempting to fetch resource.
1666725415870	geckodriver	INFO	Listening on 127.0.0.1:64903
1666725416084	mozrunner::runner	INFO	Running command: "/Applications/Firefox.app/Contents/MacOS/firefox-bin" "--marionette" "--remote-debugging-port" "64904" "--remote-allow-hosts" "localhost" "-foreground" "-no-remote" "-profile" "/var/folders/_h/lw6vm6js40v053j5mjqh7fcw0000gn/T/rust_mozprofileOtEq0V"
2022-10-25 21:16:56.512 plugin-container[94263:1179620] nil host used in call to allowsSpecificHTTPSCertificateForHost
2022-10-25 21:16:56.512 plugin-container[94263:1179620] nil host used in call to allowsAnyHTTPSCertificateForHost:
2022-10-25 21:16:56.516 plugin-container[94263:1179620] nil host used in call to allowsSpecificHTTPSCertificateForHost
2022-10-25 21:16:56.516 plugin-container[94263:1179620] nil host used in call to allowsAnyHTTPSCertificateForHost:
2022-10-25 21:16:56.516 plugin-container[94263:1179623] nil host used in call to allowsSpecificHTTPSCertificateForHost
2022-10-25 21:16:56.516 plugin-container[94263:1179623] nil host used in call to allowsAnyHTTPSCertificateForHost:
1666725416531	Marionette	INFO	Marionette enabled
1666725416563	Marionette	INFO	Listening on port 64913
Read port: 64913
WebDriver BiDi listening on ws://127.0.0.1:64904
1666725416698	RemoteAgent	WARN	TLS certificate errors will be ignored for this session
console.warn: SearchSettings: "get: No settings file exists, new profile?" (new NotFoundError("Could not open the file at /var/folders/_h/lw6vm6js40v053j5mjqh7fcw0000gn/T/rust_mozprofileOtEq0V/search.json.mozlz4", (void 0)))
DevTools listening on ws://127.0.0.1:64904/devtools/browser/ce382dae-515b-409c-9352-8357bd60df6f
JavaScript warning: https://images-na.ssl-images-amazon.com/images/I/71jLD+iVN-L.js?AUIClients/FWCIMAssets, line 289: WEBGL_debug_renderer_info is deprecated in Firefox and will be removed. Please use RENDERER.
JavaScript warning: https://images-na.ssl-images-amazon.com/images/I/71jLD+iVN-L.js?AUIClients/FWCIMAssets, line 289: WEBGL_debug_renderer_info is deprecated in Firefox and will be removed. Please use RENDERER.
1666725450505	geckodriver	INFO	Listening on 127.0.0.1:49215
1666725450721	mozrunner::runner	INFO	Running command: "/Applications/Firefox.app/Contents/MacOS/firefox-bin" "--marionette" "--remote-debugging-port" "49216" "--remote-allow-hosts" "localhost" "-foreground" "-no-remote" "-profile" "/var/folders/_h/lw6vm6js40v053j5mjqh7fcw0000gn/T/rust_mozprofileHIQzgz"
2022-10-25 21:17:31.154 plugin-container[94283:1180306] nil host used in call to allowsSpecificHTTPSCertificateForHost
2022-10-25 21:17:31.154 plugin-container[94283:1180306] nil host used in call to allowsAnyHTTPSCertificateForHost:
2022-10-25 21:17:31.156 plugin-container[94283:1180306] nil host used in call to allowsSpecificHTTPSCertificateForHost
2022-10-25 21:17:31.156 plugin-container[94283:1180306] nil host used in call to allowsAnyHTTPSCertificateForHost:
2022-10-25 21:17:31.157 plugin-container[94283:1180304] nil host used in call to allowsSpecificHTTPSCertificateForHost
2022-10-25 21:17:31.157 plugin-container[94283:1180304] nil host used in call to allowsAnyHTTPSCertificateForHost:
1666725451174	Marionette	INFO	Marionette enabled
1666725451203	Marionette	INFO	Listening on port 49225
Read port: 49225
WebDriver BiDi listening on ws://127.0.0.1:49216
1666725451347	RemoteAgent	WARN	TLS certificate errors will be ignored for this session
console.warn: SearchSettings: "get: No settings file exists, new profile?" (new NotFoundError("Could not open the file at /var/folders/_h/lw6vm6js40v053j5mjqh7fcw0000gn/T/rust_mozprofileHIQzgz/search.json.mozlz4", (void 0)))
DevTools listening on ws://127.0.0.1:49216/devtools/browser/a1a28241-bf68-4b2e-8629-6ff13466f615
console.warn: LoginRecipes: "Falling back to a synchronous message for: https://www.imdb.com."
console.warn: LoginRecipes: "Falling back to a synchronous message for: https://www.imdb.com."
JavaScript warning: https://images-na.ssl-images-amazon.com/images/I/71jLD+iVN-L.js?AUIClients/FWCIMAssets, line 289: WEBGL_debug_renderer_info is deprecated in Firefox and will be removed. Please use RENDERER.
JavaScript warning: https://images-na.ssl-images-amazon.com/images/I/71jLD+iVN-L.js?AUIClients/FWCIMAssets, line 289: WEBGL_debug_renderer_info is deprecated in Firefox and will be removed. Please use RENDERER.
1666725474535	geckodriver	INFO	Listening on 127.0.0.1:49700
1666725474752	mozrunner::runner	INFO	Running command: "/Applications/Firefox.app/Contents/MacOS/firefox-bin" "--marionette" "--remote-debugging-port" "49701" "--remote-allow-hosts" "localhost" "-foreground" "-no-remote" "-profile" "/var/folders/_h/lw6vm6js40v053j5mjqh7fcw0000gn/T/rust_mozprofilev9hPpd"
2022-10-25 21:17:55.155 plugin-container[94309:1180980] nil host used in call to allowsSpecificHTTPSCertificateForHost
2022-10-25 21:17:55.155 plugin-container[94309:1180980] nil host used in call to allowsAnyHTTPSCertificateForHost:
2022-10-25 21:17:55.157 plugin-container[94309:1180980] nil host used in call to allowsSpecificHTTPSCertificateForHost
2022-10-25 21:17:55.157 plugin-container[94309:1180980] nil host used in call to allowsAnyHTTPSCertificateForHost:
2022-10-25 21:17:55.158 plugin-container[94309:1180988] nil host used in call to allowsSpecificHTTPSCertificateForHost
2022-10-25 21:17:55.158 plugin-container[94309:1180988] nil host used in call to allowsAnyHTTPSCertificateForHost:
1666725475178	Marionette	INFO	Marionette enabled
1666725475208	Marionette	INFO	Listening on port 49731
Read port: 49731
WebDriver BiDi listening on ws://127.0.0.1:49701
1666725475395	RemoteAgent	WARN	TLS certificate errors will be ignored for this session
console.warn: SearchSettings: "get: No settings file exists, new profile?" (new NotFoundError("Could not open the file at /var/folders/_h/lw6vm6js40v053j5mjqh7fcw0000gn/T/rust_mozprofilev9hPpd/search.json.mozlz4", (void 0)))
DevTools listening on ws://127.0.0.1:49701/devtools/browser/53ebba67-2b50-4be8-8226-469e4a18b2e8
console.warn: LoginRecipes: "Falling back to a synchronous message for: https://www.imdb.com."
console.warn: LoginRecipes: "Falling back to a synchronous message for: https://www.imdb.com."
JavaScript warning: https://images-na.ssl-images-amazon.com/images/I/71jLD+iVN-L.js?AUIClients/FWCIMAssets, line 289: WEBGL_debug_renderer_info is deprecated in Firefox and will be removed. Please use RENDERER.
JavaScript warning: https://images-na.ssl-images-amazon.com/images/I/71jLD+iVN-L.js?AUIClients/FWCIMAssets, line 289: WEBGL_debug_renderer_info is deprecated in Firefox and will be removed. Please use RENDERER.
2022-10-25 19:18:38.945 plugin-container[94320:1181571] nil host used in call to allowsSpecificHTTPSCertificateForHost
2022-10-25 19:18:38.946 plugin-container[94320:1181571] nil host used in call to allowsAnyHTTPSCertificateForHost:
2022-10-25 19:18:38.948 plugin-container[94320:1181571] nil host used in call to allowsSpecificHTTPSCertificateForHost
2022-10-25 19:18:38.948 plugin-container[94320:1181571] nil host used in call to allowsAnyHTTPSCertificateForHost:
2022-10-25 19:18:38.948 plugin-container[94320:1181572] nil host used in call to allowsSpecificHTTPSCertificateForHost
2022-10-25 19:18:38.948 plugin-container[94320:1181572] nil host used in call to allowsAnyHTTPSCertificateForHost:
1666725529320	geckodriver	INFO	Listening on 127.0.0.1:50556
1666725529525	mozrunner::runner	INFO	Running command: "/Applications/Firefox.app/Contents/MacOS/firefox-bin" "--marionette" "--remote-debugging-port" "50557" "--remote-allow-hosts" "localhost" "-foreground" "-no-remote" "-profile" "/var/folders/_h/lw6vm6js40v053j5mjqh7fcw0000gn/T/rust_mozprofileQT1h5T"
2022-10-25 21:18:49.942 plugin-container[94336:1181860] nil host used in call to allowsSpecificHTTPSCertificateForHost
2022-10-25 21:18:49.943 plugin-container[94336:1181860] nil host used in call to allowsAnyHTTPSCertificateForHost:
2022-10-25 21:18:49.945 plugin-container[94336:1181860] nil host used in call to allowsSpecificHTTPSCertificateForHost
2022-10-25 21:18:49.945 plugin-container[94336:1181860] nil host used in call to allowsAnyHTTPSCertificateForHost:
2022-10-25 21:18:49.946 plugin-container[94336:1181862] nil host used in call to allowsSpecificHTTPSCertificateForHost
2022-10-25 21:18:49.946 plugin-container[94336:1181862] nil host used in call to allowsAnyHTTPSCertificateForHost:
1666725529962	Marionette	INFO	Marionette enabled
1666725529993	Marionette	INFO	Listening on port 50562
Read port: 50562
WebDriver BiDi listening on ws://127.0.0.1:50557
1666725530124	RemoteAgent	WARN	TLS certificate errors will be ignored for this session
console.warn: SearchSettings: "get: No settings file exists, new profile?" (new NotFoundError("Could not open the file at /var/folders/_h/lw6vm6js40v053j5mjqh7fcw0000gn/T/rust_mozprofileQT1h5T/search.json.mozlz4", (void 0)))
DevTools listening on ws://127.0.0.1:50557/devtools/browser/168e25ce-d0a5-49b0-8a59-754b1d77059c
console.warn: LoginRecipes: "Falling back to a synchronous message for: https://www.imdb.com."
console.warn: LoginRecipes: "Falling back to a synchronous message for: https://www.imdb.com."
1666725808077	Marionette	INFO	Stopped listening on port 64913
console.warn: TopSitesFeed: Failed to fetch data from Contile server: NetworkError when attempting to fetch resource.
console.error: services.settings: 
  security-state/intermediates Signature failed  Error: Shutdown, aborting read-only worker requests.
console.error: services.settings: 
  Message: Error: Shutdown, aborting read-only worker requests.
  Stack:
    _abortCancelableRequests@resource://services-settings/RemoteSettingsWorker.jsm:145:19
@resource://services-settings/RemoteSettingsWorker.jsm:221:28
trigger@resource://gre/modules/AsyncShutdown.jsm:748:23
_wait@resource://gre/modules/AsyncShutdown.jsm:900:15
wait@resource://gre/modules/AsyncShutdown.jsm:881:34
observe@resource://gre/modules/AsyncShutdown.jsm:558:10

console.warn: services.settings: security-state/onecrl sync interrupted by shutdown
1666725810477	Marionette	INFO	Stopped listening on port 49225
console.warn: TopSitesFeed: Failed to fetch data from Contile server: NetworkError when attempting to fetch resource.
1666725812527	Marionette	INFO	Stopped listening on port 49731
console.warn: TopSitesFeed: Failed to fetch data from Contile server: NetworkError when attempting to fetch resource.
2022-10-26 12:48:02.457 plugin-container[95987:1338155] nil host used in call to allowsSpecificHTTPSCertificateForHost
2022-10-26 12:48:02.457 plugin-container[95987:1338155] nil host used in call to allowsAnyHTTPSCertificateForHost:
2022-10-26 12:48:02.460 plugin-container[95987:1338155] nil host used in call to allowsSpecificHTTPSCertificateForHost
2022-10-26 12:48:02.460 plugin-container[95987:1338155] nil host used in call to allowsAnyHTTPSCertificateForHost:
2022-10-26 12:48:02.460 plugin-container[95987:1338158] nil host used in call to allowsSpecificHTTPSCertificateForHost
2022-10-26 12:48:02.460 plugin-container[95987:1338158] nil host used in call to allowsAnyHTTPSCertificateForHost:
console.warn: "Listener for event 'frame' did not return a promise."
console.warn: "Listener for event 'frame' did not return a promise."
console.warn: "Listener for event 'frame' did not return a promise."
console.warn: "Listener for event 'frame' did not return a promise."
console.warn: "Listener for event 'frame' did not return a promise."
console.warn: "Listener for event 'frame' did not return a promise."
console.warn: "Listener for event 'frame' did not return a promise."
1666789537358	geckodriver	INFO	Listening on 127.0.0.1:58140
1666789537562	mozrunner::runner	INFO	Running command: "/Applications/Firefox.app/Contents/MacOS/firefox-bin" "--marionette" "--remote-debugging-port" "58141" "--remote-allow-hosts" "localhost" "-foreground" "-no-remote" "-profile" "/var/folders/_h/lw6vm6js40v053j5mjqh7fcw0000gn/T/rust_mozprofileUh8Bfh"
2022-10-26 15:05:37.998 plugin-container[5875:1372109] nil host used in call to allowsSpecificHTTPSCertificateForHost
2022-10-26 15:05:37.998 plugin-container[5875:1372109] nil host used in call to allowsAnyHTTPSCertificateForHost:
2022-10-26 15:05:38.001 plugin-container[5875:1372109] nil host used in call to allowsSpecificHTTPSCertificateForHost
2022-10-26 15:05:38.001 plugin-container[5875:1372109] nil host used in call to allowsAnyHTTPSCertificateForHost:
2022-10-26 15:05:38.001 plugin-container[5875:1372117] nil host used in call to allowsSpecificHTTPSCertificateForHost
2022-10-26 15:05:38.001 plugin-container[5875:1372117] nil host used in call to allowsAnyHTTPSCertificateForHost:
1666789538021	Marionette	INFO	Marionette enabled
1666789538049	Marionette	INFO	Listening on port 58146
Read port: 58146
WebDriver BiDi listening on ws://127.0.0.1:58141
1666789538194	RemoteAgent	WARN	TLS certificate errors will be ignored for this session
console.warn: SearchSettings: "get: No settings file exists, new profile?" (new NotFoundError("Could not open the file at /var/folders/_h/lw6vm6js40v053j5mjqh7fcw0000gn/T/rust_mozprofileUh8Bfh/search.json.mozlz4", (void 0)))
DevTools listening on ws://127.0.0.1:58141/devtools/browser/f0c81844-d291-456e-8d22-d7d88bc6482b
JavaScript warning: https://images-na.ssl-images-amazon.com/images/I/71jLD+iVN-L.js?AUIClients/FWCIMAssets, line 289: WEBGL_debug_renderer_info is deprecated in Firefox and will be removed. Please use RENDERER.
JavaScript warning: https://images-na.ssl-images-amazon.com/images/I/71jLD+iVN-L.js?AUIClients/FWCIMAssets, line 289: WEBGL_debug_renderer_info is deprecated in Firefox and will be removed. Please use RENDERER.
console.warn: LoginRecipes: "Falling back to a synchronous message for: https://www.imdb.com."
console.warn: LoginRecipes: "Falling back to a synchronous message for: https://www.imdb.com."
JavaScript warning: https://images-na.ssl-images-amazon.com/images/I/71jLD+iVN-L.js?AUIClients/FWCIMAssets, line 289: WEBGL_debug_renderer_info is deprecated in Firefox and will be removed. Please use RENDERER.
JavaScript warning: https://images-na.ssl-images-amazon.com/images/I/71jLD+iVN-L.js?AUIClients/FWCIMAssets, line 289: WEBGL_debug_renderer_info is deprecated in Firefox and will be removed. Please use RENDERER.
1666789655206	geckodriver	INFO	Listening on 127.0.0.1:58669
1666789655422	mozrunner::runner	INFO	Running command: "/Applications/Firefox.app/Contents/MacOS/firefox-bin" "--marionette" "--remote-debugging-port" "58670" "--remote-allow-hosts" "localhost" "-foreground" "-no-remote" "-profile" "/var/folders/_h/lw6vm6js40v053j5mjqh7fcw0000gn/T/rust_mozprofileZUQazz"
2022-10-26 15:07:35.856 plugin-container[5905:1373870] nil host used in call to allowsSpecificHTTPSCertificateForHost
2022-10-26 15:07:35.856 plugin-container[5905:1373870] nil host used in call to allowsAnyHTTPSCertificateForHost:
2022-10-26 15:07:35.859 plugin-container[5905:1373870] nil host used in call to allowsSpecificHTTPSCertificateForHost
2022-10-26 15:07:35.859 plugin-container[5905:1373870] nil host used in call to allowsAnyHTTPSCertificateForHost:
2022-10-26 15:07:35.859 plugin-container[5905:1373868] nil host used in call to allowsSpecificHTTPSCertificateForHost
2022-10-26 15:07:35.859 plugin-container[5905:1373868] nil host used in call to allowsAnyHTTPSCertificateForHost:
1666789655876	Marionette	INFO	Marionette enabled
1666789655906	Marionette	INFO	Listening on port 58675
Read port: 58675
WebDriver BiDi listening on ws://127.0.0.1:58670
1666789656099	RemoteAgent	WARN	TLS certificate errors will be ignored for this session
console.warn: SearchSettings: "get: No settings file exists, new profile?" (new NotFoundError("Could not open the file at /var/folders/_h/lw6vm6js40v053j5mjqh7fcw0000gn/T/rust_mozprofileZUQazz/search.json.mozlz4", (void 0)))
DevTools listening on ws://127.0.0.1:58670/devtools/browser/9dec7897-0f20-4440-bf69-ed094c9a1a52
console.warn: LoginRecipes: "Falling back to a synchronous message for: https://www.imdb.com."
console.warn: LoginRecipes: "Falling back to a synchronous message for: https://www.imdb.com."
console.error: "Unable to find target with innerWindowId:6442451062"
console.warn: "Error while destroying front:" "inspector" (new TypeError("this.targetFront is null", "resource://devtools/client/fronts/walker.js", 408))
console.error: "Failed to start [root-node] legacy listener for target null" (new TypeError("this.targetFront is null", "resource://devtools/client/fronts/walker.js", 408))
JavaScript error: resource://devtools/client/fronts/walker.js, line 408: TypeError: this.targetFront is null
console.error: "Unable to find target with innerWindowId:6442451085"
console.warn: "Listener for event 'frame' did not return a promise."
JavaScript error: , line 0: NotFoundError: No such JSWindowActor 'DevToolsFrame'
JavaScript error: , line 0: NotFoundError: No such JSWindowActor 'DevToolsFrame'
JavaScript error: , line 0: NotFoundError: No such JSWindowActor 'DevToolsFrame'
JavaScript error: , line 0: NotFoundError: No such JSWindowActor 'DevToolsFrame'
JavaScript error: , line 0: NotFoundError: No such JSWindowActor 'DevToolsFrame'
JavaScript error: , line 0: NotFoundError: No such JSWindowActor 'DevToolsFrame'
console.warn: LoginRecipes: "Falling back to a synchronous message for: https://www.google.com."
JavaScript warning: https://pagead2.googlesyndication.com/bg/S59cL8NpNlz03nuQ7M-TG0OvY6nWg2CBBQLmeE6XtI4.js line 2 > eval line 6673 > eval line 1 > eval line 1 > eval, line 1: WEBGL_debug_renderer_info is deprecated in Firefox and will be removed. Please use RENDERER.
console.warn: LoginRecipes: "Falling back to a synchronous message for: https://www.google.com."
